{"/Users/nicolasfiordelli/ChatBox-Xat/src/Components/VisitorsContainer/Visitors.tsx": {"path":"/Users/nicolasfiordelli/ChatBox-Xat/src/Components/VisitorsContainer/Visitors.tsx","statementMap":{"0":{"start":{"line":1,"column":0},"end":{"line":1,"column":41}},"1":{"start":{"line":3,"column":0},"end":{"line":3,"column":95}},"2":{"start":{"line":4,"column":0},"end":{"line":4,"column":34}},"3":{"start":{"line":8,"column":30},"end":{"line":8,"column":79}},"4":{"start":{"line":9,"column":38},"end":{"line":9,"column":92}},"5":{"start":{"line":10,"column":19},"end":{"line":10,"column":96}},"6":{"start":{"line":10,"column":51},"end":{"line":10,"column":85}},"7":{"start":{"line":11,"column":15},"end":{"line":11,"column":86}},"8":{"start":{"line":11,"column":47},"end":{"line":11,"column":75}},"9":{"start":{"line":12,"column":26},"end":{"line":12,"column":63}},"10":{"start":{"line":14,"column":32},"end":{"line":20,"column":5}},"11":{"start":{"line":15,"column":8},"end":{"line":19,"column":9}},"12":{"start":{"line":16,"column":12},"end":{"line":16,"column":null}},"13":{"start":{"line":18,"column":12},"end":{"line":18,"column":null}},"14":{"start":{"line":22,"column":4},"end":{"line":24,"column":5}},"15":{"start":{"line":23,"column":8},"end":{"line":23,"column":null}},"16":{"start":{"line":26,"column":4},"end":{"line":63,"column":null}},"17":{"start":{"line":32,"column":33},"end":{"line":32,"column":54}},"18":{"start":{"line":46,"column":24},"end":{"line":49,"column":null}},"19":{"start":{"line":7,"column":0},"end":{"line":7,"column":24}}},"fnMap":{"0":{"name":"Visitors","decl":{"start":{"line":7,"column":24},"end":{"line":7,"column":32}},"loc":{"start":{"line":7,"column":50},"end":{"line":64,"column":1}}},"1":{"name":"(anonymous_1)","decl":{"start":{"line":10,"column":42},"end":{"line":10,"column":43}},"loc":{"start":{"line":10,"column":51},"end":{"line":10,"column":85}}},"2":{"name":"(anonymous_2)","decl":{"start":{"line":11,"column":38},"end":{"line":11,"column":39}},"loc":{"start":{"line":11,"column":47},"end":{"line":11,"column":75}}},"3":{"name":"(anonymous_3)","decl":{"start":{"line":14,"column":32},"end":{"line":14,"column":35}},"loc":{"start":{"line":14,"column":37},"end":{"line":20,"column":5}}},"4":{"name":"(anonymous_4)","decl":{"start":{"line":32,"column":29},"end":{"line":32,"column":31}},"loc":{"start":{"line":32,"column":33},"end":{"line":32,"column":54}}},"5":{"name":"(anonymous_5)","decl":{"start":{"line":45,"column":35},"end":{"line":45,"column":36}},"loc":{"start":{"line":46,"column":24},"end":{"line":49,"column":null}}}},"branchMap":{"0":{"loc":{"start":{"line":15,"column":8},"end":{"line":19,"column":9}},"type":"if","locations":[{"start":{"line":15,"column":8},"end":{"line":19,"column":9}},{"start":{"line":17,"column":15},"end":{"line":19,"column":9}}]},"1":{"loc":{"start":{"line":22,"column":4},"end":{"line":24,"column":5}},"type":"if","locations":[{"start":{"line":22,"column":4},"end":{"line":24,"column":5}}]},"2":{"loc":{"start":{"line":28,"column":13},"end":{"line":58,"column":null}},"type":"binary-expr","locations":[{"start":{"line":28,"column":13},"end":{"line":28,"column":28}},{"start":{"line":29,"column":12},"end":{"line":58,"column":null}}]},"3":{"loc":{"start":{"line":46,"column":24},"end":{"line":49,"column":null}},"type":"binary-expr","locations":[{"start":{"line":46,"column":24},"end":{"line":46,"column":35}},{"start":{"line":47,"column":28},"end":{"line":49,"column":null}}]}},"s":{"0":1,"1":1,"2":1,"3":3,"4":3,"5":3,"6":6,"7":3,"8":6,"9":3,"10":3,"11":1,"12":1,"13":0,"14":3,"15":3,"16":3,"17":1,"18":3,"19":1},"f":{"0":3,"1":6,"2":6,"3":1,"4":1,"5":3},"b":{"0":[1,0],"1":[3],"2":[3,3],"3":[3,3]}}
,"/Users/nicolasfiordelli/ChatBox-Xat/src/Context/index.ts": {"path":"/Users/nicolasfiordelli/ChatBox-Xat/src/Context/index.ts","statementMap":{"0":{"start":{"line":1,"column":0},"end":{"line":1,"column":37}},"1":{"start":{"line":4,"column":13},"end":{"line":4,"column":null}},"2":{"start":{"line":5,"column":13},"end":{"line":5,"column":null}},"3":{"start":{"line":6,"column":13},"end":{"line":6,"column":null}},"4":{"start":{"line":7,"column":13},"end":{"line":7,"column":null}},"5":{"start":{"line":8,"column":13},"end":{"line":8,"column":null}},"6":{"start":{"line":9,"column":13},"end":{"line":9,"column":null}}},"fnMap":{},"branchMap":{},"s":{"0":1,"1":1,"2":1,"3":1,"4":1,"5":1,"6":1},"f":{},"b":{}}
,"/Users/nicolasfiordelli/ChatBox-Xat/src/Functions/userLocalStorage.ts": {"path":"/Users/nicolasfiordelli/ChatBox-Xat/src/Functions/userLocalStorage.ts","statementMap":{"0":{"start":{"line":1,"column":32},"end":{"line":1,"column":66}},"1":{"start":{"line":1,"column":38},"end":{"line":1,"column":66}},"2":{"start":{"line":1,"column":13},"end":{"line":1,"column":32}}},"fnMap":{"0":{"name":"(anonymous_0)","decl":{"start":{"line":1,"column":32},"end":{"line":1,"column":35}},"loc":{"start":{"line":1,"column":38},"end":{"line":1,"column":66}}}},"branchMap":{},"s":{"0":1,"1":0,"2":1},"f":{"0":0},"b":{}}
,"/Users/nicolasfiordelli/ChatBox-Xat/src/Redux/actions/index.ts": {"path":"/Users/nicolasfiordelli/ChatBox-Xat/src/Redux/actions/index.ts","statementMap":{"0":{"start":{"line":1,"column":0},"end":{"line":1,"column":66}},"1":{"start":{"line":4,"column":25},"end":{"line":7,"column":2}},"2":{"start":{"line":4,"column":53},"end":{"line":7,"column":2}},"3":{"start":{"line":4,"column":13},"end":{"line":4,"column":25}},"4":{"start":{"line":9,"column":31},"end":{"line":12,"column":2}},"5":{"start":{"line":9,"column":52},"end":{"line":12,"column":2}},"6":{"start":{"line":9,"column":13},"end":{"line":9,"column":31}},"7":{"start":{"line":14,"column":27},"end":{"line":17,"column":2}},"8":{"start":{"line":14,"column":48},"end":{"line":17,"column":2}},"9":{"start":{"line":14,"column":13},"end":{"line":14,"column":27}}},"fnMap":{"0":{"name":"(anonymous_0)","decl":{"start":{"line":4,"column":25},"end":{"line":4,"column":26}},"loc":{"start":{"line":4,"column":53},"end":{"line":7,"column":2}}},"1":{"name":"(anonymous_1)","decl":{"start":{"line":9,"column":31},"end":{"line":9,"column":32}},"loc":{"start":{"line":9,"column":52},"end":{"line":12,"column":2}}},"2":{"name":"(anonymous_2)","decl":{"start":{"line":14,"column":27},"end":{"line":14,"column":28}},"loc":{"start":{"line":14,"column":48},"end":{"line":17,"column":2}}}},"branchMap":{},"s":{"0":1,"1":1,"2":0,"3":1,"4":1,"5":0,"6":1,"7":1,"8":0,"9":1},"f":{"0":0,"1":0,"2":0},"b":{}}
,"/Users/nicolasfiordelli/ChatBox-Xat/src/Redux/reducers/chatboxReducer.ts": {"path":"/Users/nicolasfiordelli/ChatBox-Xat/src/Redux/reducers/chatboxReducer.ts","statementMap":{"0":{"start":{"line":1,"column":0},"end":{"line":1,"column":55}},"1":{"start":{"line":4,"column":42},"end":{"line":10,"column":null}},"2":{"start":{"line":13,"column":4},"end":{"line":22,"column":5}},"3":{"start":{"line":15,"column":12},"end":{"line":15,"column":null}},"4":{"start":{"line":17,"column":24},"end":{"line":17,"column":60}},"5":{"start":{"line":18,"column":12},"end":{"line":18,"column":null}},"6":{"start":{"line":21,"column":12},"end":{"line":21,"column":null}},"7":{"start":{"line":12,"column":0},"end":{"line":12,"column":24}}},"fnMap":{"0":{"name":"chatboxReducer","decl":{"start":{"line":12,"column":24},"end":{"line":12,"column":38}},"loc":{"start":{"line":12,"column":77},"end":{"line":23,"column":1}}}},"branchMap":{"0":{"loc":{"start":{"line":12,"column":39},"end":{"line":12,"column":57}},"type":"default-arg","locations":[{"start":{"line":12,"column":45},"end":{"line":12,"column":57}}]},"1":{"loc":{"start":{"line":13,"column":4},"end":{"line":22,"column":5}},"type":"switch","locations":[{"start":{"line":14,"column":8},"end":{"line":15,"column":null}},{"start":{"line":16,"column":8},"end":{"line":18,"column":null}},{"start":{"line":20,"column":9},"end":{"line":21,"column":null}}]}},"s":{"0":1,"1":1,"2":3,"3":0,"4":0,"5":0,"6":3,"7":1},"f":{"0":3},"b":{"0":[3],"1":[0,0,3]}}
,"/Users/nicolasfiordelli/ChatBox-Xat/src/Redux/reducers/index.ts": {"path":"/Users/nicolasfiordelli/ChatBox-Xat/src/Redux/reducers/index.ts","statementMap":{"0":{"start":{"line":1,"column":0},"end":{"line":1,"column":40}},"1":{"start":{"line":2,"column":0},"end":{"line":2,"column":45}},"2":{"start":{"line":3,"column":0},"end":{"line":3,"column":45}},"3":{"start":{"line":5,"column":16},"end":{"line":8,"column":2}},"4":{"start":{"line":10,"column":0},"end":{"line":10,"column":null}}},"fnMap":{},"branchMap":{},"s":{"0":1,"1":1,"2":1,"3":1,"4":1},"f":{},"b":{}}
,"/Users/nicolasfiordelli/ChatBox-Xat/src/Redux/reducers/smileysReducer.ts": {"path":"/Users/nicolasfiordelli/ChatBox-Xat/src/Redux/reducers/smileysReducer.ts","statementMap":{"0":{"start":{"line":1,"column":0},"end":{"line":1,"column":36}},"1":{"start":{"line":4,"column":41},"end":{"line":9,"column":null}},"2":{"start":{"line":12,"column":4},"end":{"line":17,"column":5}},"3":{"start":{"line":14,"column":12},"end":{"line":14,"column":null}},"4":{"start":{"line":16,"column":12},"end":{"line":16,"column":null}},"5":{"start":{"line":11,"column":0},"end":{"line":11,"column":24}}},"fnMap":{"0":{"name":"smileysReducer","decl":{"start":{"line":11,"column":24},"end":{"line":11,"column":38}},"loc":{"start":{"line":11,"column":77},"end":{"line":18,"column":1}}}},"branchMap":{"0":{"loc":{"start":{"line":11,"column":39},"end":{"line":11,"column":57}},"type":"default-arg","locations":[{"start":{"line":11,"column":45},"end":{"line":11,"column":57}}]},"1":{"loc":{"start":{"line":12,"column":4},"end":{"line":17,"column":5}},"type":"switch","locations":[{"start":{"line":13,"column":8},"end":{"line":14,"column":null}},{"start":{"line":15,"column":8},"end":{"line":16,"column":null}}]}},"s":{"0":1,"1":1,"2":3,"3":0,"4":3,"5":1},"f":{"0":3},"b":{"0":[3],"1":[0,3]}}
,"/Users/nicolasfiordelli/ChatBox-Xat/src/Redux/store/index.ts": {"path":"/Users/nicolasfiordelli/ChatBox-Xat/src/Redux/store/index.ts","statementMap":{"0":{"start":{"line":1,"column":0},"end":{"line":1,"column":49}},"1":{"start":{"line":2,"column":0},"end":{"line":2,"column":33}},"2":{"start":{"line":4,"column":14},"end":{"line":6,"column":2}},"3":{"start":{"line":11,"column":0},"end":{"line":11,"column":null}}},"fnMap":{},"branchMap":{},"s":{"0":1,"1":1,"2":1,"3":1},"f":{},"b":{}}
,"/Users/nicolasfiordelli/ChatBox-Xat/src/Redux/types/index.ts": {"path":"/Users/nicolasfiordelli/ChatBox-Xat/src/Redux/types/index.ts","statementMap":{"0":{"start":{"line":2,"column":13},"end":{"line":2,"column":null}},"1":{"start":{"line":3,"column":13},"end":{"line":3,"column":null}},"2":{"start":{"line":4,"column":13},"end":{"line":4,"column":null}}},"fnMap":{},"branchMap":{},"s":{"0":1,"1":1,"2":1},"f":{},"b":{}}
}
