TN:
SF:src/Components/VisitorsContainer/Visitors.tsx
FN:7,Visitors
FN:10,(anonymous_1)
FN:11,(anonymous_2)
FN:14,(anonymous_3)
FN:32,(anonymous_4)
FN:45,(anonymous_5)
FNF:6
FNH:6
FNDA:3,Visitors
FNDA:6,(anonymous_1)
FNDA:6,(anonymous_2)
FNDA:1,(anonymous_3)
FNDA:1,(anonymous_4)
FNDA:3,(anonymous_5)
DA:1,1
DA:3,1
DA:4,1
DA:7,1
DA:8,3
DA:9,3
DA:10,6
DA:11,6
DA:12,3
DA:14,3
DA:15,1
DA:16,1
DA:18,0
DA:22,3
DA:23,3
DA:26,3
DA:32,1
DA:46,3
LF:18
LH:17
BRDA:15,0,0,1
BRDA:15,0,1,0
BRDA:22,1,0,3
BRDA:28,2,0,3
BRDA:28,2,1,3
BRDA:46,3,0,3
BRDA:46,3,1,3
BRF:7
BRH:6
end_of_record
TN:
SF:src/Context/index.ts
FNF:0
FNH:0
DA:1,1
DA:4,1
DA:5,1
DA:6,1
DA:7,1
DA:8,1
DA:9,1
LF:7
LH:7
BRF:0
BRH:0
end_of_record
TN:
SF:src/Functions/userLocalStorage.ts
FN:1,(anonymous_0)
FNF:1
FNH:0
FNDA:0,(anonymous_0)
DA:1,1
LF:1
LH:1
BRF:0
BRH:0
end_of_record
TN:
SF:src/Redux/actions/index.ts
FN:4,(anonymous_0)
FN:9,(anonymous_1)
FN:14,(anonymous_2)
FNF:3
FNH:0
FNDA:0,(anonymous_0)
FNDA:0,(anonymous_1)
FNDA:0,(anonymous_2)
DA:1,1
DA:4,1
DA:9,1
DA:14,1
LF:4
LH:4
BRF:0
BRH:0
end_of_record
TN:
SF:src/Redux/reducers/chatboxReducer.ts
FN:12,chatboxReducer
FNF:1
FNH:1
FNDA:3,chatboxReducer
DA:1,1
DA:4,1
DA:12,1
DA:13,3
DA:15,0
DA:17,0
DA:18,0
DA:21,3
LF:8
LH:5
BRDA:12,0,0,3
BRDA:13,1,0,0
BRDA:13,1,1,0
BRDA:13,1,2,3
BRF:4
BRH:2
end_of_record
TN:
SF:src/Redux/reducers/index.ts
FNF:0
FNH:0
DA:1,1
DA:2,1
DA:3,1
DA:5,1
DA:10,1
LF:5
LH:5
BRF:0
BRH:0
end_of_record
TN:
SF:src/Redux/reducers/smileysReducer.ts
FN:11,smileysReducer
FNF:1
FNH:1
FNDA:3,smileysReducer
DA:1,1
DA:4,1
DA:11,1
DA:12,3
DA:14,0
DA:16,3
LF:6
LH:5
BRDA:11,0,0,3
BRDA:12,1,0,0
BRDA:12,1,1,3
BRF:3
BRH:2
end_of_record
TN:
SF:src/Redux/store/index.ts
FNF:0
FNH:0
DA:1,1
DA:2,1
DA:4,1
DA:11,1
LF:4
LH:4
BRF:0
BRH:0
end_of_record
TN:
SF:src/Redux/types/index.ts
FNF:0
FNH:0
DA:2,1
DA:3,1
DA:4,1
LF:3
LH:3
BRF:0
BRH:0
end_of_record
